<?xml version="1.0" encoding="UTF-8"?>
<!-- Generated by org.testng.reporters.JUnitReportReporter -->
<testsuite hostname="DESKTOP-01V5FL5" failures="0" tests="2" name="com.testngProject.example1" time="0.019" errors="0" timestamp="2023-03-01T23:44:55 EST" skipped="0">
  <testcase classname="com.testngProject.example1" name="test0002" time="0.017"/>
  <system-out/>
  <testcase classname="com.testngProject.example1" name="tests001" time="0.002"/>
  <system-out/>
</testsuite> <!-- com.testngProject.example1 -->
